[debug] [2022-08-27T08:21:16.080Z] ----------------------------------------------------------------------
[debug] [2022-08-27T08:21:16.082Z] Command:       /Users/jackv/.nvm/versions/node/v17.6.0/bin/node /Users/jackv/.nvm/versions/node/v17.6.0/bin/firebase init
[debug] [2022-08-27T08:21:16.082Z] CLI Version:   11.8.0
[debug] [2022-08-27T08:21:16.082Z] Platform:      darwin
[debug] [2022-08-27T08:21:16.082Z] Node Version:  v17.6.0
[debug] [2022-08-27T08:21:16.083Z] Time:          Sat Aug 27 2022 01:21:16 GMT-0700 (Pacific Daylight Time)
[debug] [2022-08-27T08:21:16.084Z] ----------------------------------------------------------------------
[debug] 
[debug] [2022-08-27T08:21:16.086Z] >>> [apiv2][query] GET https://firebase-public.firebaseio.com/cli.json [none]
[debug] [2022-08-27T08:21:16.182Z] > command requires scopes: ["email","openid","https://www.googleapis.com/auth/cloudplatformprojects.readonly","https://www.googleapis.com/auth/firebase","https://www.googleapis.com/auth/cloud-platform"]
[debug] [2022-08-27T08:21:16.183Z] > authorizing via signed-in user (jvenberg@gmail.com)
[info] 
     ######## #### ########  ######## ########     ###     ######  ########
     ##        ##  ##     ## ##       ##     ##  ##   ##  ##       ##
     ######    ##  ########  ######   ########  #########  ######  ######
     ##        ##  ##    ##  ##       ##     ## ##     ##       ## ##
     ##       #### ##     ## ######## ########  ##     ##  ######  ########

You're about to initialize a Firebase project in this directory:

  /Users/jackv/Programs/AccessControlSystem

[debug] [2022-08-27T08:21:16.329Z] <<< [apiv2][status] GET https://firebase-public.firebaseio.com/cli.json 200
[debug] [2022-08-27T08:21:16.329Z] <<< [apiv2][body] GET https://firebase-public.firebaseio.com/cli.json {"cloudBuildErrorAfter":1594252800000,"cloudBuildWarnAfter":1590019200000,"defaultNode10After":1594252800000,"minVersion":"3.0.5","node8DeploysDisabledAfter":1613390400000,"node8RuntimeDisabledAfter":1615809600000,"node8WarnAfter":1600128000000}
[info] 
=== Project Setup
[info] 
[info] First, let's associate this project directory with a Firebase project.
[info] You can create multiple project aliases by running firebase use --add, 
[info] but for now we'll just set up a default project.
[info] 
[debug] [2022-08-27T08:21:55.269Z] > refreshing access token with scopes: []
[debug] [2022-08-27T08:21:55.270Z] >>> [apiv2][query] POST https://www.googleapis.com/oauth2/v3/token [none]
[debug] [2022-08-27T08:21:55.270Z] >>> [apiv2][body] POST https://www.googleapis.com/oauth2/v3/token [omitted]
[debug] [2022-08-27T08:21:55.367Z] <<< [apiv2][status] POST https://www.googleapis.com/oauth2/v3/token 200
[debug] [2022-08-27T08:21:55.368Z] <<< [apiv2][body] POST https://www.googleapis.com/oauth2/v3/token [omitted]
[debug] [2022-08-27T08:21:55.382Z] >>> [apiv2][query] GET https://firebase.googleapis.com/v1beta1/projects pageSize=100
[debug] [2022-08-27T08:21:55.838Z] <<< [apiv2][status] GET https://firebase.googleapis.com/v1beta1/projects 200
[debug] [2022-08-27T08:21:55.838Z] <<< [apiv2][body] GET https://firebase.googleapis.com/v1beta1/projects [omitted]
[info] i  Using project access-control-system-730bc (access-control-system) 
[info] 
=== Database Setup
[info] i  database: ensuring required API firebasedatabase.googleapis.com is enabled... 
[debug] [2022-08-27T08:21:57.370Z] >>> [apiv2][query] GET https://serviceusage.googleapis.com/v1/projects/access-control-system-730bc/services/firebasedatabase.googleapis.com [none]
[debug] [2022-08-27T08:21:58.032Z] <<< [apiv2][status] GET https://serviceusage.googleapis.com/v1/projects/access-control-system-730bc/services/firebasedatabase.googleapis.com 200
[debug] [2022-08-27T08:21:58.032Z] <<< [apiv2][body] GET https://serviceusage.googleapis.com/v1/projects/access-control-system-730bc/services/firebasedatabase.googleapis.com [omitted]
[warn] ⚠  database: missing required API firebasedatabase.googleapis.com. Enabling now... 
[debug] [2022-08-27T08:21:58.033Z] >>> [apiv2][query] POST https://serviceusage.googleapis.com/v1/projects/access-control-system-730bc/services/firebasedatabase.googleapis.com:enable [none]
[debug] [2022-08-27T08:21:58.506Z] <<< [apiv2][status] POST https://serviceusage.googleapis.com/v1/projects/access-control-system-730bc/services/firebasedatabase.googleapis.com:enable 200
[debug] [2022-08-27T08:21:58.507Z] <<< [apiv2][body] POST https://serviceusage.googleapis.com/v1/projects/access-control-system-730bc/services/firebasedatabase.googleapis.com:enable [omitted]
[debug] [2022-08-27T08:22:08.508Z] >>> [apiv2][query] GET https://serviceusage.googleapis.com/v1/projects/access-control-system-730bc/services/firebasedatabase.googleapis.com [none]
[debug] [2022-08-27T08:22:09.018Z] <<< [apiv2][status] GET https://serviceusage.googleapis.com/v1/projects/access-control-system-730bc/services/firebasedatabase.googleapis.com 200
[debug] [2022-08-27T08:22:09.018Z] <<< [apiv2][body] GET https://serviceusage.googleapis.com/v1/projects/access-control-system-730bc/services/firebasedatabase.googleapis.com [omitted]
[info] ✔  database: required API firebasedatabase.googleapis.com is enabled 
[info] 
[debug] [2022-08-27T08:22:09.020Z] >>> [apiv2][query] GET https://firebase.googleapis.com/v1beta1/projects/access-control-system-730bc [none]
[debug] [2022-08-27T08:22:09.181Z] <<< [apiv2][status] GET https://firebase.googleapis.com/v1beta1/projects/access-control-system-730bc 200
[debug] [2022-08-27T08:22:09.181Z] <<< [apiv2][body] GET https://firebase.googleapis.com/v1beta1/projects/access-control-system-730bc {"projectId":"access-control-system-730bc","projectNumber":"56747857366","displayName":"access-control-system","name":"projects/access-control-system-730bc","resources":{"hostingSite":"access-control-system-730bc"},"state":"ACTIVE","etag":"1_d2987271-d095-4f21-a150-cd37e6a11522"}
[debug] [2022-08-27T08:44:24.427Z] >>> [apiv2][query] POST https://firebasedatabase.googleapis.com/v1beta/projects/access-control-system-730bc/locations/us-central1/instances databaseId=access-control-system-730bc-default-rtdb&validateOnly=true
[debug] [2022-08-27T08:44:24.428Z] >>> [apiv2][body] POST https://firebasedatabase.googleapis.com/v1beta/projects/access-control-system-730bc/locations/us-central1/instances {"type":"default_database"}
[debug] [2022-08-27T08:44:24.946Z] <<< [apiv2][status] POST https://firebasedatabase.googleapis.com/v1beta/projects/access-control-system-730bc/locations/us-central1/instances 200
[debug] [2022-08-27T08:44:24.946Z] <<< [apiv2][body] POST https://firebasedatabase.googleapis.com/v1beta/projects/access-control-system-730bc/locations/us-central1/instances {"name":"projects/56747857366/locations/us-central1/instances/access-control-system-730bc-default-rtdb","project":"projects/56747857366","databaseUrl":"https://access-control-system-730bc-default-rtdb.firebaseio.com","type":"DEFAULT_DATABASE","state":"ACTIVE"}
[debug] [2022-08-27T08:44:24.948Z] >>> [apiv2][query] POST https://firebasedatabase.googleapis.com/v1beta/projects/access-control-system-730bc/locations/us-central1/instances databaseId=access-control-system-730bc-default-rtdb
[debug] [2022-08-27T08:44:24.948Z] >>> [apiv2][body] POST https://firebasedatabase.googleapis.com/v1beta/projects/access-control-system-730bc/locations/us-central1/instances {"type":"default_database"}
[debug] [2022-08-27T08:44:25.547Z] <<< [apiv2][status] POST https://firebasedatabase.googleapis.com/v1beta/projects/access-control-system-730bc/locations/us-central1/instances 200
[debug] [2022-08-27T08:44:25.547Z] <<< [apiv2][body] POST https://firebasedatabase.googleapis.com/v1beta/projects/access-control-system-730bc/locations/us-central1/instances {"name":"projects/56747857366/locations/us-central1/instances/access-control-system-730bc-default-rtdb","project":"projects/56747857366","databaseUrl":"https://access-control-system-730bc-default-rtdb.firebaseio.com","type":"DEFAULT_DATABASE","state":"ACTIVE"}
[info] 
[info] Firebase Realtime Database Security Rules allow you to define how your data should be
[info] structured and when your data can be read from and written to.
[info] 
[debug] [2022-08-27T08:44:27.602Z] >>> [apiv2][query] GET https://access-control-system-730bc-default-rtdb.firebaseio.com/.settings/rules.json [none]
[debug] [2022-08-27T08:44:28.262Z] <<< [apiv2][status] GET https://access-control-system-730bc-default-rtdb.firebaseio.com/.settings/rules.json 200
[debug] [2022-08-27T08:44:28.262Z] <<< [apiv2][body] GET https://access-control-system-730bc-default-rtdb.firebaseio.com/.settings/rules.json [stream]
[info] ✔  Database Rules for access-control-system-730bc-default-rtdb have been written to database.rules.json. 
[info] Future modifications to database.rules.json will update Realtime Database Security Rules when you run
[info] firebase deploy.
[info] 
=== Hosting Setup
[info] 
[info] Your public directory is the folder (relative to your project directory) that
[info] will contain Hosting assets to be uploaded with firebase deploy. If you
[info] have a build process for your assets, use your build's output directory.
[info] 
[debug] [2022-08-27T08:44:39.735Z] >>> [apiv2][query] GET https://www.gstatic.com/firebasejs/releases.json [none]
[debug] [2022-08-27T08:44:39.792Z] <<< [apiv2][status] GET https://www.gstatic.com/firebasejs/releases.json 200
[debug] [2022-08-27T08:44:39.793Z] <<< [apiv2][body] GET https://www.gstatic.com/firebasejs/releases.json {"current":{"version":"9.9.3","browserURL":"https://www.gstatic.com/firebasejs/9.9.3/firebase.js","packageURL":"https://www.gstatic.com/firebasejs/9.9.3/firebase.tgz"},"live":{"version":"9.9","browserURL":"https://www.gstatic.com/firebasejs/live/9.9/firebase.js","packageURL":"https://www.gstatic.com/firebasejs/live/9.9/firebase.tgz"},"components":{"analytics":"https://www.gstatic.com/firebasejs/9.9.3/firebase-analytics.js","app":"https://www.gstatic.com/firebasejs/9.9.3/firebase-app.js","app-check":"https://www.gstatic.com/firebasejs/9.9.3/firebase-app-check.js","auth":"https://www.gstatic.com/firebasejs/9.9.3/firebase-auth.js","auth/cordova":"https://www.gstatic.com/firebasejs/9.9.3/firebase-auth/cordova.js","auth/react-native":"https://www.gstatic.com/firebasejs/9.9.3/firebase-auth/react-native.js","functions":"https://www.gstatic.com/firebasejs/9.9.3/firebase-functions.js","firestore":"https://www.gstatic.com/firebasejs/9.9.3/firebase-firestore.js","firestore/lite":"https://www.gstatic.com/firebasejs/9.9.3/firebase-firestore/lite.js","installations":"https://www.gstatic.com/firebasejs/9.9.3/firebase-installations.js","storage":"https://www.gstatic.com/firebasejs/9.9.3/firebase-storage.js","performance":"https://www.gstatic.com/firebasejs/9.9.3/firebase-performance.js","remote-config":"https://www.gstatic.com/firebasejs/9.9.3/firebase-remote-config.js","messaging":"https://www.gstatic.com/firebasejs/9.9.3/firebase-messaging.js","messaging/sw":"https://www.gstatic.com/firebasejs/9.9.3/firebase-messaging/sw.js","database":"https://www.gstatic.com/firebasejs/9.9.3/firebase-database.js","firestore.memory":"https://www.gstatic.com/firebasejs/9.9.3/firebase-firestore.memory.js"}}
[info] ✔  Wrote public/index.html 
[info] 
[info] i  Didn't detect a .git folder. Assuming /Users/jackv/Programs/AccessControlSystem is the project root. 
[info] i  Authorizing with GitHub to upload your service account to a GitHub repository's secrets store. 
[info] 
[info] Visit this URL on this device to log in:
[info] https://github.com/login/oauth/authorize?client_id=89cf50f02ac6aaed3484&state=795382944&redirect_uri=http%3A%2F%2Flocalhost%3A9005&scope=read%3Auser%20repo%20public_repo
[info] 
[info] Waiting for authentication...
[debug] [2022-08-27T08:44:40.434Z] >>> [apiv2][query] POST https://github.com/login/oauth/access_token [none]
[debug] [2022-08-27T08:44:40.434Z] >>> [apiv2][body] POST https://github.com/login/oauth/access_token [stream]
[debug] [2022-08-27T08:44:40.666Z] <<< [apiv2][status] POST https://github.com/login/oauth/access_token 200
[debug] [2022-08-27T08:44:40.667Z] <<< [apiv2][body] POST https://github.com/login/oauth/access_token {"access_token":"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","token_type":"bearer","scope":"read:user,repo"}
[debug] [2022-08-27T08:44:40.671Z] >>> [apiv2][query] GET https://api.github.com/user [none]
[debug] [2022-08-27T08:44:41.028Z] <<< [apiv2][status] GET https://api.github.com/user 200
[debug] [2022-08-27T08:44:41.028Z] <<< [apiv2][body] GET https://api.github.com/user {"login":"JVenberg","id":8976558,"node_id":"MDQ6VXNlcjg5NzY1NTg=","avatar_url":"https://avatars.githubusercontent.com/u/8976558?v=4","gravatar_id":"","url":"https://api.github.com/users/JVenberg","html_url":"https://github.com/JVenberg","followers_url":"https://api.github.com/users/JVenberg/followers","following_url":"https://api.github.com/users/JVenberg/following{/other_user}","gists_url":"https://api.github.com/users/JVenberg/gists{/gist_id}","starred_url":"https://api.github.com/users/JVenberg/starred{/owner}{/repo}","subscriptions_url":"https://api.github.com/users/JVenberg/subscriptions","organizations_url":"https://api.github.com/users/JVenberg/orgs","repos_url":"https://api.github.com/users/JVenberg/repos","events_url":"https://api.github.com/users/JVenberg/events{/privacy}","received_events_url":"https://api.github.com/users/JVenberg/received_events","type":"User","site_admin":false,"name":"Jack Venberg","company":null,"blog":"https://jackvenberg.com/","location":"Seattle, WA","email":null,"hireable":null,"bio":null,"twitter_username":null,"public_repos":21,"public_gists":0,"followers":3,"following":1,"created_at":"2014-09-30T20:02:36Z","updated_at":"2022-08-05T21:41:55Z","private_gists":0,"total_private_repos":6,"owned_private_repos":5,"disk_usage":677357,"collaborators":0,"two_factor_authentication":true,"plan":{"name":"free","space":976562499,"collaborators":0,"private_repos":10000}}
[info] 
[info] ✔  Success! Logged into GitHub as JVenberg 
[info] 
